
Showing logs for build [32mcb-kubecd-environment-pr-102-22-b6g7h-1[0m stage [32mfrom-build-pack[0m and container [32mstep-credential-initializer-mlscr[0m
{"level":"warn","ts":1576059776.234428,"logger":"fallback-logger","caller":"logging/config.go:69","msg":"Fetch GitHub commit ID from kodata failed: \"ref: refs/heads/master\" is not a valid GitHub commit ID"}
{"level":"info","ts":1576059776.2361145,"logger":"fallback-logger","caller":"creds-init/main.go:40","msg":"Credentials initialized."}

Showing logs for build [32mcb-kubecd-environment-pr-102-22-b6g7h-1[0m stage [32mfrom-build-pack[0m and container [32mstep-working-dir-initializer-mpxwr[0m
{"level":"warn","ts":1576059777.2522447,"logger":"fallback-logger","caller":"logging/config.go:69","msg":"Fetch GitHub commit ID from kodata failed: open /var/run/ko/HEAD: no such file or directory"}
{"level":"info","ts":1576059777.259022,"logger":"fallback-logger","caller":"bash/main.go:65","msg":"Successfully executed command \"mkdir -p /workspace/source\""}

Showing logs for build [32mcb-kubecd-environment-pr-102-22-b6g7h-1[0m stage [32mfrom-build-pack[0m and container [32mstep-place-tools[0m

Showing logs for build [32mcb-kubecd-environment-pr-102-22-b6g7h-1[0m stage [32mfrom-build-pack[0m and container [32mstep-git-source-cb-kubecd-environment-pr-102-22-wcl9c[0m
{"level":"warn","ts":1576059796.306262,"logger":"fallback-logger","caller":"logging/config.go:69","msg":"Fetch GitHub commit ID from kodata failed: \"ref: refs/heads/master\" is not a valid GitHub commit ID"}
{"level":"info","ts":1576059797.5419593,"logger":"fallback-logger","caller":"git/git.go:102","msg":"Successfully cloned https://github.com/cb-kubecd/environment-pr-102-22-boot-vault-gke-staging.git @ master in path /workspace/source"}

Showing logs for build [32mcb-kubecd-environment-pr-102-22-b6g7h-1[0m stage [32mfrom-build-pack[0m and container [32mstep-git-merge[0m
Using SHAs from PULL_REFS=master:9e7da58f398abc67b650e2017f9034687b504674,1:6a5d4a010a37a93adcd9a08a8b77af322a5fea1f
DEBUG: ran git fetch --unshallow origin 6a5d4a010a37a93adcd9a08a8b77af322a5fea1f: 9e7da58f398abc67b650e2017f9034687b504674: in 
DEBUG: ran git checkout master in 
DEBUG: ran git reset --hard 9e7da58f398abc67b650e2017f9034687b504674 in 
DEBUG: ran clean --force -d . in 
DEBUG: ran git merge 6a5d4a010a37a93adcd9a08a8b77af322a5fea1f in 
Merged SHA 6a5d4a010a37a93adcd9a08a8b77af322a5fea1f with commit message 'chore: Promote bdd-spring-1576059444 to version 0.0.1' into base branch master

Showing logs for build [32mcb-kubecd-environment-pr-102-22-b6g7h-1[0m stage [32mfrom-build-pack[0m and container [32mstep-build-helm-build[0m
WARNING: No $CHART_REPOSITORY defined so using the default value of: http://jenkins-x-chartmuseum:8080
Adding missing Helm repo: storage.googleapis.com https://storage.googleapis.com/chartmuseum.jenkins-x.io
Read credentials for https://storage.googleapis.com/chartmuseum.jenkins-x.io from vault helm/repos
Successfully added Helm repository storage.googleapis.com.
Adding missing Helm repo: jenkins-x-chartmuseum http://jenkins-x-chartmuseum:8080
Read credentials for http://jenkins-x-chartmuseum:8080 from vault helm/repos
Successfully added Helm repository jenkins-x-chartmuseum.
WARNING: No $CHART_REPOSITORY defined so using the default value of: http://jenkins-x-chartmuseum:8080
Adding missing Helm repo: chartmuseum.jenkins-x.io http://chartmuseum.jenkins-x.io
Read credentials for http://chartmuseum.jenkins-x.io from vault helm/repos
Successfully added Helm repository chartmuseum.jenkins-x.io.
