
Showing logs for build [32mcb-kubecd-environment-pr-102-22-h79sk-1[0m stage [32mfrom-build-pack[0m and container [32mstep-credential-initializer-vjm82[0m
{"level":"warn","ts":1576063002.1943183,"logger":"fallback-logger","caller":"logging/config.go:69","msg":"Fetch GitHub commit ID from kodata failed: \"ref: refs/heads/master\" is not a valid GitHub commit ID"}
{"level":"info","ts":1576063002.1949835,"logger":"fallback-logger","caller":"creds-init/main.go:40","msg":"Credentials initialized."}

Showing logs for build [32mcb-kubecd-environment-pr-102-22-h79sk-1[0m stage [32mfrom-build-pack[0m and container [32mstep-working-dir-initializer-rkbkz[0m
{"level":"warn","ts":1576063003.224067,"logger":"fallback-logger","caller":"logging/config.go:69","msg":"Fetch GitHub commit ID from kodata failed: open /var/run/ko/HEAD: no such file or directory"}
{"level":"info","ts":1576063003.2258077,"logger":"fallback-logger","caller":"bash/main.go:65","msg":"Successfully executed command \"mkdir -p /workspace/source\""}

Showing logs for build [32mcb-kubecd-environment-pr-102-22-h79sk-1[0m stage [32mfrom-build-pack[0m and container [32mstep-place-tools[0m

Showing logs for build [32mcb-kubecd-environment-pr-102-22-h79sk-1[0m stage [32mfrom-build-pack[0m and container [32mstep-git-source-cb-kubecd-environment-pr-102-22-tdqzs[0m
{"level":"warn","ts":1576063008.3381443,"logger":"fallback-logger","caller":"logging/config.go:69","msg":"Fetch GitHub commit ID from kodata failed: \"ref: refs/heads/master\" is not a valid GitHub commit ID"}
{"level":"info","ts":1576063009.4844053,"logger":"fallback-logger","caller":"git/git.go:102","msg":"Successfully cloned https://github.com/cb-kubecd/environment-pr-102-22-boot-vault-gke-staging.git @ master in path /workspace/source"}

Showing logs for build [32mcb-kubecd-environment-pr-102-22-h79sk-1[0m stage [32mfrom-build-pack[0m and container [32mstep-git-merge[0m
Using SHAs from PULL_REFS=master:dce40a907d170b0e45e39a28a2d192ae4b5d279e,3:83fcd16ff0280e25666cb4dd6ab1bb0b7e92ba84
DEBUG: ran git fetch --unshallow origin 83fcd16ff0280e25666cb4dd6ab1bb0b7e92ba84: dce40a907d170b0e45e39a28a2d192ae4b5d279e: in 
DEBUG: ran git checkout master in 
DEBUG: ran git reset --hard dce40a907d170b0e45e39a28a2d192ae4b5d279e in 
DEBUG: ran clean --force -d . in 
DEBUG: ran git merge 83fcd16ff0280e25666cb4dd6ab1bb0b7e92ba84 in 
Merged SHA 83fcd16ff0280e25666cb4dd6ab1bb0b7e92ba84 with commit message 'chore: Promote bdd-gh-1576061308 to version 0.0.1' into base branch master

Showing logs for build [32mcb-kubecd-environment-pr-102-22-h79sk-1[0m stage [32mfrom-build-pack[0m and container [32mstep-build-helm-build[0m
WARNING: No $CHART_REPOSITORY defined so using the default value of: http://jenkins-x-chartmuseum:8080
Adding missing Helm repo: storage.googleapis.com https://storage.googleapis.com/chartmuseum.jenkins-x.io
Read credentials for https://storage.googleapis.com/chartmuseum.jenkins-x.io from vault helm/repos
Successfully added Helm repository storage.googleapis.com.
Adding missing Helm repo: jenkins-x-chartmuseum http://jenkins-x-chartmuseum:8080
Read credentials for http://jenkins-x-chartmuseum:8080 from vault helm/repos
Successfully added Helm repository jenkins-x-chartmuseum.
WARNING: No $CHART_REPOSITORY defined so using the default value of: http://jenkins-x-chartmuseum:8080
Adding missing Helm repo: chartmuseum.jenkins-x.io http://chartmuseum.jenkins-x.io
Read credentials for http://chartmuseum.jenkins-x.io from vault helm/repos
Successfully added Helm repository chartmuseum.jenkins-x.io.
