
Showing logs for build [32mcb-kubecd-environment-pr-102-22-xv55k-1[0m stage [32mfrom-build-pack[0m and container [32mstep-credential-initializer-jdrwl[0m
{"level":"warn","ts":1576061744.9921992,"logger":"fallback-logger","caller":"logging/config.go:69","msg":"Fetch GitHub commit ID from kodata failed: \"ref: refs/heads/master\" is not a valid GitHub commit ID"}
{"level":"info","ts":1576061744.993065,"logger":"fallback-logger","caller":"creds-init/main.go:40","msg":"Credentials initialized."}

Showing logs for build [32mcb-kubecd-environment-pr-102-22-xv55k-1[0m stage [32mfrom-build-pack[0m and container [32mstep-working-dir-initializer-xkml2[0m
{"level":"warn","ts":1576061745.7661293,"logger":"fallback-logger","caller":"logging/config.go:69","msg":"Fetch GitHub commit ID from kodata failed: open /var/run/ko/HEAD: no such file or directory"}
{"level":"info","ts":1576061745.7676642,"logger":"fallback-logger","caller":"bash/main.go:65","msg":"Successfully executed command \"mkdir -p /workspace/source\""}

Showing logs for build [32mcb-kubecd-environment-pr-102-22-xv55k-1[0m stage [32mfrom-build-pack[0m and container [32mstep-place-tools[0m

Showing logs for build [32mcb-kubecd-environment-pr-102-22-xv55k-1[0m stage [32mfrom-build-pack[0m and container [32mstep-git-source-cb-kubecd-environment-pr-102-22-8pjgk[0m
{"level":"warn","ts":1576061749.8487043,"logger":"fallback-logger","caller":"logging/config.go:69","msg":"Fetch GitHub commit ID from kodata failed: \"ref: refs/heads/master\" is not a valid GitHub commit ID"}
{"level":"info","ts":1576061750.9496427,"logger":"fallback-logger","caller":"git/git.go:102","msg":"Successfully cloned https://github.com/cb-kubecd/environment-pr-102-22-boot-vault-gke-staging.git @ master in path /workspace/source"}

Showing logs for build [32mcb-kubecd-environment-pr-102-22-xv55k-1[0m stage [32mfrom-build-pack[0m and container [32mstep-git-merge[0m
Using SHAs from PULL_REFS=master:a62264b3208df0ab1c664ebc6b0d8435d9f6bb64,2:1924a913d833dee3445bb4939f7ce29cac67cad0
DEBUG: ran git fetch --unshallow origin 1924a913d833dee3445bb4939f7ce29cac67cad0: a62264b3208df0ab1c664ebc6b0d8435d9f6bb64: in 
DEBUG: ran git checkout master in 
DEBUG: ran git reset --hard a62264b3208df0ab1c664ebc6b0d8435d9f6bb64 in 
DEBUG: ran clean --force -d . in 
DEBUG: ran git merge 1924a913d833dee3445bb4939f7ce29cac67cad0 in 
Merged SHA 1924a913d833dee3445bb4939f7ce29cac67cad0 with commit message 'chore: Promote bdd-sbhg-1576061308 to version 0.0.1' into base branch master

Showing logs for build [32mcb-kubecd-environment-pr-102-22-xv55k-1[0m stage [32mfrom-build-pack[0m and container [32mstep-build-helm-build[0m
WARNING: No $CHART_REPOSITORY defined so using the default value of: http://jenkins-x-chartmuseum:8080
Adding missing Helm repo: storage.googleapis.com https://storage.googleapis.com/chartmuseum.jenkins-x.io
Read credentials for https://storage.googleapis.com/chartmuseum.jenkins-x.io from vault helm/repos
Successfully added Helm repository storage.googleapis.com.
Adding missing Helm repo: jenkins-x-chartmuseum http://jenkins-x-chartmuseum:8080
Read credentials for http://jenkins-x-chartmuseum:8080 from vault helm/repos
Successfully added Helm repository jenkins-x-chartmuseum.
WARNING: No $CHART_REPOSITORY defined so using the default value of: http://jenkins-x-chartmuseum:8080
Adding missing Helm repo: chartmuseum.jenkins-x.io http://chartmuseum.jenkins-x.io
Read credentials for http://chartmuseum.jenkins-x.io from vault helm/repos
Successfully added Helm repository chartmuseum.jenkins-x.io.
