
Showing logs for build [32mcb-kubecd-environment-pr-102-22-gcb9d-1[0m stage [32mfrom-build-pack[0m and container [32mstep-credential-initializer-tp69s[0m
{"level":"warn","ts":1576064191.9176157,"logger":"fallback-logger","caller":"logging/config.go:69","msg":"Fetch GitHub commit ID from kodata failed: \"ref: refs/heads/master\" is not a valid GitHub commit ID"}
{"level":"info","ts":1576064191.9185603,"logger":"fallback-logger","caller":"creds-init/main.go:40","msg":"Credentials initialized."}

Showing logs for build [32mcb-kubecd-environment-pr-102-22-gcb9d-1[0m stage [32mfrom-build-pack[0m and container [32mstep-working-dir-initializer-5rbv2[0m
{"level":"warn","ts":1576064192.457474,"logger":"fallback-logger","caller":"logging/config.go:69","msg":"Fetch GitHub commit ID from kodata failed: open /var/run/ko/HEAD: no such file or directory"}
{"level":"info","ts":1576064192.4587548,"logger":"fallback-logger","caller":"bash/main.go:65","msg":"Successfully executed command \"mkdir -p /workspace/source\""}

Showing logs for build [32mcb-kubecd-environment-pr-102-22-gcb9d-1[0m stage [32mfrom-build-pack[0m and container [32mstep-place-tools[0m

Showing logs for build [32mcb-kubecd-environment-pr-102-22-gcb9d-1[0m stage [32mfrom-build-pack[0m and container [32mstep-git-source-cb-kubecd-environment-pr-102-22-l28t2[0m
{"level":"warn","ts":1576064196.5787988,"logger":"fallback-logger","caller":"logging/config.go:69","msg":"Fetch GitHub commit ID from kodata failed: \"ref: refs/heads/master\" is not a valid GitHub commit ID"}
{"level":"info","ts":1576064197.7258916,"logger":"fallback-logger","caller":"git/git.go:102","msg":"Successfully cloned https://github.com/cb-kubecd/environment-pr-102-22-boot-vault-gke-staging.git @ master in path /workspace/source"}

Showing logs for build [32mcb-kubecd-environment-pr-102-22-gcb9d-1[0m stage [32mfrom-build-pack[0m and container [32mstep-git-merge[0m
Using SHAs from PULL_REFS=master:053c7923c2b39b7e9bb1267a7b5041fcbdc5afb9,4:380efe37f9b0f25ed064fce1cb1e5fb87d297c43
DEBUG: ran git fetch --unshallow origin 380efe37f9b0f25ed064fce1cb1e5fb87d297c43: 053c7923c2b39b7e9bb1267a7b5041fcbdc5afb9: in 
DEBUG: ran git checkout master in 
DEBUG: ran git reset --hard 053c7923c2b39b7e9bb1267a7b5041fcbdc5afb9 in 
DEBUG: ran clean --force -d . in 
DEBUG: ran git merge 380efe37f9b0f25ed064fce1cb1e5fb87d297c43 in 
Merged SHA 380efe37f9b0f25ed064fce1cb1e5fb87d297c43 with commit message 'chore: Promote bdd-nh-1576061308 to version 0.0.1' into base branch master

Showing logs for build [32mcb-kubecd-environment-pr-102-22-gcb9d-1[0m stage [32mfrom-build-pack[0m and container [32mstep-build-helm-build[0m
WARNING: No $CHART_REPOSITORY defined so using the default value of: http://jenkins-x-chartmuseum:8080
Adding missing Helm repo: storage.googleapis.com https://storage.googleapis.com/chartmuseum.jenkins-x.io
Read credentials for https://storage.googleapis.com/chartmuseum.jenkins-x.io from vault helm/repos
Successfully added Helm repository storage.googleapis.com.
Adding missing Helm repo: jenkins-x-chartmuseum http://jenkins-x-chartmuseum:8080
Read credentials for http://jenkins-x-chartmuseum:8080 from vault helm/repos
Successfully added Helm repository jenkins-x-chartmuseum.
WARNING: No $CHART_REPOSITORY defined so using the default value of: http://jenkins-x-chartmuseum:8080
Adding missing Helm repo: chartmuseum.jenkins-x.io http://chartmuseum.jenkins-x.io
Read credentials for http://chartmuseum.jenkins-x.io from vault helm/repos
Successfully added Helm repository chartmuseum.jenkins-x.io.
